<tr>
<td colspan="3"> No Record Found !</td>
</tr>
<tr>
<td style="color:brown;font-weight:bold">Shri Mandargiri Digamber Jain Siddha Kshetra  Post &amp; Village – Bounsi, District – Banka (Bihar)</td>
<td style="font-weight:bold">Digamber</td>
<td><a class="btn btn-info" href="/Temple/Shri-Mandargiri-Digamber-Jain-Siddha-Kshetra--Post-%26-Village-%E2%80%93-Bounsi%2c-District-%E2%80%93-Banka-(Bihar)" target="_blank">View</a></td>
</tr>
<tr>
<td style="color:brown;font-weight:bold">Shri Digamber Jain Mandir (Baramati Mandir) Post &amp; Village – Bounsi, District – Banka (Bihar)</td>
<td style="font-weight:bold">Digamber</td>
<td><a class="btn btn-info" href="/Temple/Shri-Digamber-Jain-Mandir-(Baramati-Mandir)-Post-%26-Village-%E2%80%93-Bounsi%2c-District-%E2%80%93-Banka-(Bihar)" target="_blank">View</a></td>
</tr>
<tr>
<td style="color:brown;font-weight:bold">Shrimad Rajchandra Adhyatmik Sadhana Kendra Koba, Dist: Gandhinagar (Gujarat)</td>
<td style="font-weight:bold">Shwetamber</td>
<td><a class="btn btn-info" href="/Temple/Shrimad-Rajchandra-Adhyatmik-Sadhana-Kendra-Koba%2c-Dist%3a-Gandhinagar-(Gujarat)" target="_blank">View</a></td>
</tr>
<tr>
<td colspan="3"> No Record Found !</td>
</tr>
<tr>
<td colspan="3"> No Record Found !</td>
</tr>
<tr>
<td colspan="3"> No Record Found !</td>
</tr>
<tr>
<td colspan="3"> No Record Found !</td>
</tr>
<tr>
<td colspan="3"> No Record Found !</td>
</tr>
<tr>
<td colspan="3"> No Record Found !</td>
</tr>
<tr>
<td style="color:brown;font-weight:bold">Shri S. S. Jain Sabha, 4/1, Agarwal Dharamshala ke Samne, Shiv Mandir Gali, Maujpur, Delhi</td>
<td style="font-weight:bold">Shwetamber</td>
<td><a class="btn btn-info" href="/Temple/Shri-S--S--Jain-Sabha%2c-4/1%2c-Agarwal-Dharamshala-ke-Samne%2c-Shiv-Mandir-Gali%2c-Maujpur%2c-Delhi" target="_blank">View</a></td>
</tr>
